2024-07-22 18:44:13,684 INFO: Connected to SQLite database at C:\Users\satwa\OneDrive\Desktop\D2k_project\ETL_project\src\../database/taxi_trips.db
2024-07-22 18:44:13,687 INFO: Taxi_trip table created or already exists.
2024-07-22 18:44:13,827 INFO: Loaded C:\Users\satwa\OneDrive\Desktop\D2k_project\ETL_project\src\..\data\processed\fhvhv_tripdata_2019-02.parquet into the database.
2024-07-22 18:44:13,846 INFO: Loaded C:\Users\satwa\OneDrive\Desktop\D2k_project\ETL_project\src\..\data\processed\fhvhv_tripdata_2019-03.parquet into the database.
2024-07-22 18:44:13,863 INFO: Loaded C:\Users\satwa\OneDrive\Desktop\D2k_project\ETL_project\src\..\data\processed\fhvhv_tripdata_2019-04.parquet into the database.
2024-07-22 18:44:13,885 INFO: Loaded C:\Users\satwa\OneDrive\Desktop\D2k_project\ETL_project\src\..\data\processed\fhvhv_tripdata_2019-05.parquet into the database.
2024-07-22 18:44:13,906 INFO: Loaded C:\Users\satwa\OneDrive\Desktop\D2k_project\ETL_project\src\..\data\processed\fhvhv_tripdata_2019-06.parquet into the database.
2024-07-22 18:44:13,925 INFO: Loaded C:\Users\satwa\OneDrive\Desktop\D2k_project\ETL_project\src\..\data\processed\fhvhv_tripdata_2019-07.parquet into the database.
2024-07-22 18:44:13,944 INFO: Loaded C:\Users\satwa\OneDrive\Desktop\D2k_project\ETL_project\src\..\data\processed\fhvhv_tripdata_2019-08.parquet into the database.
2024-07-22 18:44:13,960 INFO: Loaded C:\Users\satwa\OneDrive\Desktop\D2k_project\ETL_project\src\..\data\processed\fhvhv_tripdata_2019-09.parquet into the database.
2024-07-22 18:44:13,981 INFO: Loaded C:\Users\satwa\OneDrive\Desktop\D2k_project\ETL_project\src\..\data\processed\fhvhv_tripdata_2019-10.parquet into the database.
2024-07-22 18:44:14,006 INFO: Loaded C:\Users\satwa\OneDrive\Desktop\D2k_project\ETL_project\src\..\data\processed\fhvhv_tripdata_2019-11.parquet into the database.
2024-07-22 18:44:14,025 INFO: Loaded C:\Users\satwa\OneDrive\Desktop\D2k_project\ETL_project\src\..\data\processed\fhvhv_tripdata_2019-12.parquet into the database.
2024-07-22 18:44:14,044 INFO: Loaded C:\Users\satwa\OneDrive\Desktop\D2k_project\ETL_project\src\..\data\processed\green_tripdata_2019-01.parquet into the database.
2024-07-22 18:44:14,061 INFO: Loaded C:\Users\satwa\OneDrive\Desktop\D2k_project\ETL_project\src\..\data\processed\green_tripdata_2019-02.parquet into the database.
2024-07-22 18:44:14,082 INFO: Loaded C:\Users\satwa\OneDrive\Desktop\D2k_project\ETL_project\src\..\data\processed\green_tripdata_2019-03.parquet into the database.
2024-07-22 18:44:14,116 INFO: Loaded C:\Users\satwa\OneDrive\Desktop\D2k_project\ETL_project\src\..\data\processed\green_tripdata_2019-04.parquet into the database.
2024-07-22 18:44:14,133 INFO: Loaded C:\Users\satwa\OneDrive\Desktop\D2k_project\ETL_project\src\..\data\processed\green_tripdata_2019-05.parquet into the database.
2024-07-22 18:44:14,150 INFO: Loaded C:\Users\satwa\OneDrive\Desktop\D2k_project\ETL_project\src\..\data\processed\green_tripdata_2019-06.parquet into the database.
2024-07-22 18:44:14,171 INFO: Loaded C:\Users\satwa\OneDrive\Desktop\D2k_project\ETL_project\src\..\data\processed\green_tripdata_2019-07.parquet into the database.
2024-07-22 18:44:14,191 INFO: Loaded C:\Users\satwa\OneDrive\Desktop\D2k_project\ETL_project\src\..\data\processed\green_tripdata_2019-08.parquet into the database.
2024-07-22 18:44:14,210 INFO: Loaded C:\Users\satwa\OneDrive\Desktop\D2k_project\ETL_project\src\..\data\processed\green_tripdata_2019-09.parquet into the database.
2024-07-22 18:44:14,229 INFO: Loaded C:\Users\satwa\OneDrive\Desktop\D2k_project\ETL_project\src\..\data\processed\green_tripdata_2019-10.parquet into the database.
2024-07-22 18:44:14,248 INFO: Loaded C:\Users\satwa\OneDrive\Desktop\D2k_project\ETL_project\src\..\data\processed\green_tripdata_2019-11.parquet into the database.
2024-07-22 18:44:14,265 INFO: Loaded C:\Users\satwa\OneDrive\Desktop\D2k_project\ETL_project\src\..\data\processed\green_tripdata_2019-12.parquet into the database.
2024-07-22 18:44:14,288 INFO: Loaded C:\Users\satwa\OneDrive\Desktop\D2k_project\ETL_project\src\..\data\processed\yellow_tripdata_2019-01.parquet into the database.
2024-07-22 18:44:14,307 INFO: Loaded C:\Users\satwa\OneDrive\Desktop\D2k_project\ETL_project\src\..\data\processed\yellow_tripdata_2019-02.parquet into the database.
2024-07-22 18:44:14,326 INFO: Loaded C:\Users\satwa\OneDrive\Desktop\D2k_project\ETL_project\src\..\data\processed\yellow_tripdata_2019-03.parquet into the database.
2024-07-22 18:44:14,345 INFO: Loaded C:\Users\satwa\OneDrive\Desktop\D2k_project\ETL_project\src\..\data\processed\yellow_tripdata_2019-04.parquet into the database.
2024-07-22 18:44:14,363 INFO: Loaded C:\Users\satwa\OneDrive\Desktop\D2k_project\ETL_project\src\..\data\processed\yellow_tripdata_2019-05.parquet into the database.
2024-07-22 18:44:14,386 INFO: Loaded C:\Users\satwa\OneDrive\Desktop\D2k_project\ETL_project\src\..\data\processed\yellow_tripdata_2019-06.parquet into the database.
2024-07-22 18:44:14,403 INFO: Loaded C:\Users\satwa\OneDrive\Desktop\D2k_project\ETL_project\src\..\data\processed\yellow_tripdata_2019-07.parquet into the database.
2024-07-22 18:44:14,423 INFO: Loaded C:\Users\satwa\OneDrive\Desktop\D2k_project\ETL_project\src\..\data\processed\yellow_tripdata_2019-08.parquet into the database.
2024-07-22 18:44:14,445 INFO: Loaded C:\Users\satwa\OneDrive\Desktop\D2k_project\ETL_project\src\..\data\processed\yellow_tripdata_2019-09.parquet into the database.
2024-07-22 18:44:14,464 INFO: Loaded C:\Users\satwa\OneDrive\Desktop\D2k_project\ETL_project\src\..\data\processed\yellow_tripdata_2019-10.parquet into the database.
2024-07-22 18:44:14,486 INFO: Loaded C:\Users\satwa\OneDrive\Desktop\D2k_project\ETL_project\src\..\data\processed\yellow_tripdata_2019-11.parquet into the database.
2024-07-22 18:44:14,507 INFO: Loaded C:\Users\satwa\OneDrive\Desktop\D2k_project\ETL_project\src\..\data\processed\yellow_tripdata_2019-12.parquet into the database.
2024-07-22 18:44:14,508 INFO: Data loading complete and connection closed.
